<?xml version="1.0" encoding="UTF-8"?>
<!-- Generated by org.testng.reporters.JUnitXMLReporter -->
<testsuite hostname="LAPTOP-0TBF8C5H" ignored="0" name="divisionTest" tests="4" failures="0" timestamp="12 Mar 2021 03:47:52 GMT" time="69.185" errors="0">
  <testcase name="verifyLogin" time="5.881" classname="test.DivisionTest"/>
  <testcase name="verifyDivision" time="34.054" classname="test.DivisionTest"/>
  <testcase name="verifyeditDivision" time="8.932" classname="test.DivisionTest"/>
  <testcase name="verifyviewDivision" time="5.281" classname="test.DivisionTest"/>
</testsuite> <!-- divisionTest -->
