<?xml version="1.0" encoding="UTF-8"?>
<testng-results skipped="0" failed="0" ignored="0" total="3" passed="3">
  <reporter-output>
  </reporter-output>
  <suite name="Default suite" duration-ms="33584" started-at="2021-06-27T14:40:01Z" finished-at="2021-06-27T14:40:35Z">
    <groups>
    </groups>
    <test name="Default test" duration-ms="33584" started-at="2021-06-27T14:40:01Z" finished-at="2021-06-27T14:40:35Z">
      <class name="test.PayslipTest">
        <test-method status="PASS" signature="beforeTest()[pri:0, instance:test.PayslipTest@3bfdc050]" name="beforeTest" is-config="true" duration-ms="23367" started-at="2021-06-27T14:40:01Z" finished-at="2021-06-27T14:40:25Z">
          <reporter-output>
          </reporter-output>
        </test-method> <!-- beforeTest -->
        <test-method status="PASS" signature="f()[pri:0, instance:test.PayslipTest@3bfdc050]" name="f" duration-ms="11" started-at="2021-06-27T14:40:25Z" finished-at="2021-06-27T14:40:25Z">
          <reporter-output>
          </reporter-output>
        </test-method> <!-- f -->
        <test-method status="PASS" signature="verifyLogin()[pri:1, instance:test.PayslipTest@3bfdc050]" name="verifyLogin" duration-ms="1241" started-at="2021-06-27T14:40:25Z" finished-at="2021-06-27T14:40:26Z">
          <reporter-output>
          </reporter-output>
        </test-method> <!-- verifyLogin -->
        <test-method status="PASS" signature="verifyPayslip()[pri:2, instance:test.PayslipTest@3bfdc050]" name="verifyPayslip" duration-ms="8812" started-at="2021-06-27T14:40:26Z" finished-at="2021-06-27T14:40:35Z">
          <reporter-output>
          </reporter-output>
        </test-method> <!-- verifyPayslip -->
        <test-method status="PASS" signature="afterTest()[pri:0, instance:test.PayslipTest@3bfdc050]" name="afterTest" is-config="true" duration-ms="0" started-at="2021-06-27T14:40:35Z" finished-at="2021-06-27T14:40:35Z">
          <reporter-output>
          </reporter-output>
        </test-method> <!-- afterTest -->
      </class> <!-- test.PayslipTest -->
    </test> <!-- Default test -->
  </suite> <!-- Default suite -->
</testng-results>
