<?xml version="1.0" encoding="UTF-8"?>
<!-- Generated by org.testng.reporters.JUnitXMLReporter -->
<testsuite hostname="LAPTOP-0TBF8C5H" ignored="0" name="Default test" tests="3" failures="0" timestamp="27 Jun 2021 14:40:35 GMT" time="33.584" errors="0">
  <testcase name="f" time="0.011" classname="test.PayslipTest"/>
  <testcase name="verifyLogin" time="1.241" classname="test.PayslipTest"/>
  <testcase name="verifyPayslip" time="8.812" classname="test.PayslipTest"/>
</testsuite> <!-- Default test -->
